<?xml version="1.0" encoding="UTF-8"?>
<testsuite xmlns:xsi="http://www.w3.org/2001/XMLSchema-instance" xsi:noNamespaceSchemaLocation="https://maven.apache.org/surefire/maven-surefire-plugin/xsd/surefire-test-report-3.0.xsd" version="3.0" name="org.sergei.MainTest" time="0.927" tests="1" errors="0" skipped="0" failures="0">
  <properties>
[...]
</properties>
  <testcase name="testMain" classname="org.sergei.MainTest" time="0.852">
    <system-out><![CDATA[14:02:52.481 [main] INFO org.sergei.Main - РќР°Р№РґРµРЅРЅС‹Рµ РєРЅРёРіРё РїРѕ Р°РІС‚РѕСЂСѓ : []
14:02:52.484 [main] INFO org.sergei.Main - РќР°Р№РґРµРЅРЅС‹Рµ РєРЅРёРіРё РїРѕ Р¶Р°РЅСЂСѓ : []
]]></system-out>
  </testcase>
</testsuite>